0 info it worked if it ends with ok
1 verbose cli [ '/usr/local/Cellar/node/6.1.0/bin/node',
1 verbose cli   '/usr/local/bin/npm',
1 verbose cli   'publish' ]
2 info using npm@3.8.6
3 info using node@v6.1.0
4 verbose publish [ '.' ]
5 silly cache add args [ '.', null ]
6 verbose cache add spec .
7 silly cache add parsed spec Result {
7 silly cache add   raw: '.',
7 silly cache add   scope: null,
7 silly cache add   name: null,
7 silly cache add   rawSpec: '.',
7 silly cache add   spec: '/Users/Brandon/Developer/react-chat-ui',
7 silly cache add   type: 'directory' }
8 verbose addLocalDirectory /Users/Brandon/.npm/react-chat-ui/0.0.17/package.tgz not in flight; packing
9 verbose correctMkdir /Users/Brandon/.npm correctMkdir not in flight; initializing
10 info lifecycle react-chat-ui@0.0.17~prepublish: react-chat-ui@0.0.17
11 verbose lifecycle react-chat-ui@0.0.17~prepublish: unsafe-perm in lifecycle true
12 verbose lifecycle react-chat-ui@0.0.17~prepublish: PATH: /usr/local/lib/node_modules/npm/bin/node-gyp-bin:/Users/Brandon/Developer/react-chat-ui/node_modules/.bin:/usr/local/Cellar/node/6.1.0/bin:/usr/local/heroku/bin:/Library/Frameworks/Python.framework/Versions/3.4/bin:/usr/local/bin:/usr/bin:/bin:/usr/sbin:/sbin:/opt/X11/bin
13 verbose lifecycle react-chat-ui@0.0.17~prepublish: CWD: /Users/Brandon/Developer/react-chat-ui
14 silly lifecycle react-chat-ui@0.0.17~prepublish: Args: [ '-c', 'npm run compile' ]
15 silly lifecycle react-chat-ui@0.0.17~prepublish: Returned: code: 1  signal: null
16 info lifecycle react-chat-ui@0.0.17~prepublish: Failed to exec prepublish script
17 error addLocal Could not install /Users/Brandon/Developer/react-chat-ui
18 verbose stack Error: react-chat-ui@0.0.17 prepublish: `npm run compile`
18 verbose stack Exit status 1
18 verbose stack     at EventEmitter.<anonymous> (/usr/local/lib/node_modules/npm/lib/utils/lifecycle.js:239:16)
18 verbose stack     at emitTwo (events.js:106:13)
18 verbose stack     at EventEmitter.emit (events.js:191:7)
18 verbose stack     at ChildProcess.<anonymous> (/usr/local/lib/node_modules/npm/lib/utils/spawn.js:24:14)
18 verbose stack     at emitTwo (events.js:106:13)
18 verbose stack     at ChildProcess.emit (events.js:191:7)
18 verbose stack     at maybeClose (internal/child_process.js:850:16)
18 verbose stack     at Process.ChildProcess._handle.onexit (internal/child_process.js:215:5)
19 verbose pkgid react-chat-ui@0.0.17
20 verbose cwd /Users/Brandon/Developer/react-chat-ui
21 error Darwin 15.6.0
22 error argv "/usr/local/Cellar/node/6.1.0/bin/node" "/usr/local/bin/npm" "publish"
23 error node v6.1.0
24 error npm  v3.8.6
25 error code ELIFECYCLE
26 error react-chat-ui@0.0.17 prepublish: `npm run compile`
26 error Exit status 1
27 error Failed at the react-chat-ui@0.0.17 prepublish script 'npm run compile'.
27 error Make sure you have the latest version of node.js and npm installed.
27 error If you do, this is most likely a problem with the react-chat-ui package,
27 error not with npm itself.
27 error Tell the author that this fails on your system:
27 error     npm run compile
27 error You can get information on how to open an issue for this project with:
27 error     npm bugs react-chat-ui
27 error Or if that isn't available, you can get their info via:
27 error     npm owner ls react-chat-ui
27 error There is likely additional logging output above.
28 verbose exit [ 1, true ]
